digraph path {
	node [label="\N"];
	graph [bb="0,0,269.94,320"];
	0 [pos="58.941,301", width="0.75", height="0.52778"];
	2 [pos="58.941,19", width="0.75", height="0.52778"];
	4 [pos="221.94,19", width="0.75", height="0.52778"];
	1 [pos="58.941,207", width="0.75", height="0.52778"];
	3 [pos="100.94,113", width="0.75", height="0.52778"];
	1 -> 0 [label="  1.0", pos="e,58.941,281.98 58.941,226.32 58.941,239.42 58.941,256.99 58.941,271.79", lp="71.441,254"];
	4 -> 3 [label="  1.0", pos="e,127.74,109.18 218.8,37.874 215.85,50.174 210.27,65.779 199.94,76 183.2,92.56 158.37,101.81 137.76,106.93", lp="224.44,66"];
	3 -> 4 [label="  1.0", pos="e,235.1,35.605 127.59,109.81 164.24,104.81 227.21,93.827 240.94,76 247.98,66.859 245.39,54.977 240.18,44.429", lp="257.44,66"];
	3 -> 1 [label="  1.0", pos="e,84.283,200.35 116.51,128.94 125.97,140.64 134.83,156.72 126.94,170 119.61,182.34 106.56,190.82 93.844,196.52", lp="142.44,160"];
	1 -> 3 [label="  1.0", pos="e,94.488,131.47 69.174,189.17 72.46,183.16 76.006,176.37 78.941,170 83.213,160.73 87.381,150.38 90.92,141.07", lp="98.441,160"];
	3 -> 2 [label="  1.0", pos="e,84.283,25.652 116.51,97.056 125.97,85.362 134.83,69.277 126.94,56 119.61,43.663 106.56,35.18 93.844,29.483", lp="142.44,66"];
	2 -> 3 [label="  1.0", pos="e,94.488,94.528 69.174,36.833 72.46,42.839 76.006,49.634 78.941,56 83.213,65.267 87.381,75.619 90.92,84.931", lp="98.441,66"];
	2 -> 1 [label=" 10.0", pos="e,51.915,188.53 51.915,37.473 46.61,52.457 39.777,74.256 36.941,94 34.54,110.72 34.54,115.28 36.941,132 39.223,147.89 44.093,165.11\
 48.673,179.03", lp="50.941,113"];
	0 -> 1 [label="  1.0", pos="e,43.033,222.52 43.033,285.48 37.813,279.34 32.657,271.87 29.941,264 27.04,255.6 27.04,252.4 29.941,244 31.554,239.33 34.027,234.8\
 36.862,230.6", lp="42.441,254"];
	1 -> 2 [label=" 10.0", pos="e,42.865,34.528 42.865,191.47 29.535,177.39 11.577,155.33 3.9409,132 -1.3136,115.95 -1.3136,110.05 3.9409,94 10.324,74.502 23.92\
,55.883 35.997,42.073", lp="17.941,113"];
	1 -> 0 [color=blue, pos="e,73.501,284.87 73.501,223.13 78.089,229.23 82.574,236.51 84.941,244 87.621,252.48 87.621,255.52 84.941,264 83.609,268.21 81.608\
,272.36 79.295,276.26"];
	1 -> 3 [color=blue, pos="e,84.388,128.33 58.305,187.82 61.51,176.67 67.26,162.42 72.941,150 74.851,145.82 76.984,141.44 79.251,137.21"];
	3 -> 2 [color=blue, pos="e,58.305,38.184 84.388,97.672 80.217,91.071 76.245,83.223 72.941,76 68.813,66.975 64.649,56.985 61.451,47.922"];
	3 -> 4 [color=blue, pos="e,206.27,34.54 121.91,100.8 133.19,93.944 147.17,84.982 158.94,76 172.76,65.461 187.2,52.55 198.77,41.683"];
	1 -> 3 [color=red, pos="e,99.353,132.04 72.782,190.37 78.611,178.91 84.816,163.39 90.941,150 92.25,147.14 93.665,144.18 95.066,141.23"];
	3 -> 2 [color=red, pos="e,72.782,35.631 99.353,93.959 96.795,88.238 93.644,81.91 90.941,76 86.347,65.956 81.708,54.717 77.217,44.89"];
}
