digraph tree {
	node [label="\N"];
	graph [bb="0,0,939,1260"];
	0 [pos="118,1241", width="0.75", height="0.52778"];
	2 [pos="488,865", width="0.75", height="0.52778"];
	6 [pos="436,959", width="0.75", height="0.52778"];
	14 [pos="475,395", width="0.75", height="0.52778"];
	13 [pos="566,301", width="0.75", height="0.52778"];
	15 [pos="457,489", width="0.75", height="0.52778"];
	12 [pos="699,19", width="0.75", height="0.52778"];
	11 [pos="391,583", width="0.75", height="0.52778"];
	10 [pos="402,113", width="0.75", height="0.52778"];
	9 [pos="747,207", width="0.75", height="0.52778"];
	8 [pos="795,113", width="0.75", height="0.52778"];
	5 [pos="395,1053", width="0.75", height="0.52778"];
	7 [pos="439,677", width="0.75", height="0.52778"];
	4 [pos="347,1147", width="0.75", height="0.52778"];
	1 [pos="140,771", width="0.75", height="0.52778"];
	3 [pos="501,771", width="0.75", height="0.52778"];
	5 -> 4 [label="  1.0", pos="e,343.39,1128.1 373.01,1064.4 363.51,1070.6 353.36,1079.2 348,1090 343.78,1098.5 342.58,1108.6 342.73,1118", lp="360.5,1100"];
	15 -> 11 [label="  1.0", pos="e,394.42,564.03 435.95,501.58 426.87,507.92 416.81,516.32 410,526 404.14,534.33 399.99,544.61 397.09,554.12", lp="422.5,536"];
	14 -> 15 [label="  1.0", pos="e,459.61,469.93 470.12,413.76 468.69,419.58 467.19,426.04 466,432 464.19,441.04 462.52,450.94 461.12,459.92", lp="478.5,442"];
	15 -> 14 [label="  1.0", pos="e,454.34,407.54 442.52,472.44 434.35,461.01 426.9,445.5 433,432 436.08,425.18 441.11,419.12 446.63,413.97", lp="445.5,442"];
	14 -> 13 [label="  1.0", pos="e,558.52,319.47 497.63,384.29 509.49,377.88 523.66,368.86 534,358 542.07,349.53 548.83,338.64 554.02,328.66", lp="559.5,348"];
	14 -> 10 [label="  1.0", pos="e,407.86,131.75 467.57,376.71 465.31,370.79 462.91,364.17 461,358 432.89,267.39 436.7,241.87 413,150 412.28,147.2 411.49,144.3 410.67\
,141.4", lp="449.5,254"];
	13 -> 14 [label="  1.0", pos="e,481.73,376.47 543.06,311.14 530.64,317.49 515.7,326.63 505,338 497.1,346.39 490.7,357.27 485.87,367.26", lp="517.5,348"];
	13 -> 12 [label="  1.0", pos="e,696.88,38.178 587.54,289.43 608.93,276.77 640.91,254.44 658,226 675.8,196.38 689.63,97.998 695.68,48.288", lp="692.5,160"];
	13 -> 9 [label="  1.0", pos="e,723.83,217.16 590.72,292.69 608.48,286.18 632.6,276.19 652,264 663.47,256.79 663.78,251.6 675,244 687.33,235.65 701.8,227.87 714.51\
,221.62", lp="687.5,254"];
	12 -> 13 [label="  1.0", pos="e,569.07,281.81 674.33,26.835 659.73,32.678 642,42.08 631,56 604.35,89.725 580.53,214.63 570.73,271.93", lp="607.5,160"];
	12 -> 8 [label="  1.0", pos="e,780.61,96.576 716.97,33.691 724.83,40.314 734.05,48.352 742,56 752.86,66.452 764.32,78.62 773.8,89.022", lp="773.5,66"];
	11 -> 15 [label="  1.0", pos="e,452.32,507.88 410.94,569.69 419.27,563.32 428.51,555.1 435,546 441.08,537.48 445.75,527.05 449.18,517.46", lp="457.5,536"];
	11 -> 10 [label="  1.0", pos="e,375.72,118.11 367.37,573.8 336.96,560.22 288,531.73 288,489 288,489 288,489 288,207 288,179.51 292.48,169.35 312,150 326.68,135.45\
 347.88,126.35 366.02,120.82", lp="300.5,348"];
	11 -> 7 [label="  1.0", pos="e,433.07,658.27 404.08,599.76 408.53,605.91 413.3,613.07 417,620 421.81,629 426.11,639.29 429.6,648.62", lp="438.5,630"];
	10 -> 14 [label="  1.0", pos="e,475.11,375.69 415.7,129.65 420.33,135.8 425.27,142.98 429,150 449.86,189.23 453.6,200.58 463,244 472.01,285.62 474.42,334.99 474.98\
,365.67", lp="478.5,254"];
	10 -> 11 [label="  1.0", pos="e,375.65,567.27 379.07,123.41 368.33,129.55 356.5,138.4 350,150 319.82,203.87 331.89,280.84 337,358 342.57,442.11 329.29,468.31 \
362,546 363.92,550.56 366.55,555.03 369.45,559.2", lp="349.5,348"];
	10 -> 9 [label="  1.0", pos="e,720.56,203.05 426.72,121.31 444.48,127.82 468.6,137.81 488,150 499.47,157.21 498.72,164.28 511,170 515.5,172.09 645.12,191.73 \
710.31,201.51", lp="523.5,160"];
	10 -> 6 [label="  1.0", pos="e,463.3,957.43 420.02,127.28 428.55,134.1 438.85,142.4 448,150 537.9,224.66 621,231.14 621,348 621,865 621,865 621,865 621,930.52\
 527.62,950.39 473.55,956.4", lp="633.5,536"];
	9 -> 13 [label="  1.0", pos="e,592.87,298.41 736.61,224.68 728.25,237.4 715.39,254.02 700,264 670.51,283.12 631.22,292.46 602.81,296.96", lp="732.5,254"];
	9 -> 10 [label="  1.0", pos="e,428.48,116.74 720.2,203.46 675.31,197.26 587.09,183.74 559,170 546.83,164.05 547.94,156.41 536,150 505.26,133.5 466.52,123.84 \
438.61,118.55", lp="571.5,160"];
	9 -> 8 [label="  1.0", pos="e,773.01,124.41 743.39,188.07 742.11,176.49 742.19,161.7 748,150 751.77,142.41 757.9,135.9 764.52,130.56", lp="760.5,160"];
	9 -> 5 [label="  1.0", pos="e,422.24,1051.8 769.45,217.75 780.39,224.01 792.9,232.89 801,244 816.57,265.36 818,274.56 818,301 818,959 818,959 818,959 818,988.5\
 808.93,1000.2 784,1016 754.7,1034.5 524.19,1047.1 432.46,1051.4", lp="830.5,630"];
	8 -> 12 [label="  1.0", pos="e,699.53,38.077 768.75,107.56 750.53,102.43 727.08,92.93 713,76 706.54,68.234 702.98,57.934 701.05,48.228", lp="725.5,66"];
	8 -> 9 [label="  1.0", pos="e,760.08,190.24 789.07,131.73 785.15,143.1 779.55,157.74 773,170 770.86,174 768.36,178.09 765.78,182.01", lp="794.5,160"];
	8 -> 4 [label="  1.0", pos="e,374.17,1145 814.4,126.51 835.42,142.9 866,172.64 866,207 866,1053 866,1053 866,1053 866,1102 503.19,1134.8 384.26,1144.2", lp="878.5,630"];
	7 -> 11 [label="  1.0", pos="e,385.44,601.7 416.16,666.67 405.54,660.55 393.96,651.69 388,640 383.65,631.47 383.01,621.26 383.9,611.85", lp="400.5,630"];
	7 -> 6 [label="  1.0", pos="e,420.96,942.94 422.72,692.49 416.85,698.74 410.55,706.29 406,714 383.5,752.14 380.44,764.35 373,808 364.14,860 380.28,875.95 406\
,922 408.44,926.37 411.41,930.75 414.51,934.88", lp="385.5,818"];
	7 -> 3 [label="  1.0", pos="e,479.65,758.61 440.93,696.22 442.83,707.9 446.59,722.71 454,734 458.57,740.96 464.88,747.19 471.4,752.46", lp="466.5,724"];
	6 -> 10 [label="  1.0", pos="e,375.28,115.96 409.95,953.73 386.54,948.22 351.82,938.1 325,922 253.13,878.86 212,854.82 212,771 212,771 212,771 212,207 212,179.51\
 214.9,167.62 236,150 255.31,133.87 322.5,122.82 365.24,117.23", lp="224.5,536"];
	6 -> 7 [label="  1.0", pos="e,438.8,696.15 436.21,939.62 436.72,891.1 438.07,764.2 438.69,706.42", lp="449.5,818"];
	6 -> 5 [label="  1.0", pos="e,416.14,1040.6 440.79,977.8 442.75,989.34 443.45,1004.1 438,1016 434.84,1022.9 429.69,1029 424.03,1034.1", lp="454.5,1006"];
	6 -> 2 [label="  1.0", pos="e,471.08,880.34 439.75,940.18 442.57,928.64 447.14,913.86 454,902 456.84,897.09 460.43,892.29 464.21,887.86", lp="466.5,912"];
	5 -> 9 [label="  1.0", pos="e,761.56,223.13 422.15,1051.7 500,1047.8 720.14,1035.2 746,1016 768.07,999.61 770,986.49 770,959 770,959 770,959 770,677 770,493.44\
 772.33,447.56 773,264 773.03,255.11 775.68,252.48 773,244 771.67,239.79 769.67,235.64 767.35,231.74", lp="782.5,630"];
	5 -> 1 [label="  1.0", pos="e,133.86,789.64 367.64,1052.2 312.25,1050 189.45,1042.2 158,1016 94.994,963.57 116.44,851.78 131.05,799.31", lp="128.5,912"];
	5 -> 6 [label="  1.0", pos="e,421.88,975.44 397.77,1033.9 399.89,1022.5 403.41,1008 409,996 410.94,991.83 413.38,987.66 416,983.7", lp="421.5,1006"];
	4 -> 8 [label="  1.0", pos="e,819.95,120.31 374.06,1145.4 453.33,1140.5 684.1,1125.4 758,1110 830.26,1094.9 914,1126.8 914,1053 914,1053 914,1053 914,207 914\
,163.56 864.57,137.07 829.43,123.72", lp="926.5,630"];
	4 -> 5 [label="  1.0", pos="e,389.07,1071.7 360.08,1130.2 364.53,1124.1 369.3,1116.9 373,1110 377.81,1101 382.11,1090.7 385.6,1081.4", lp="394.5,1100"];
	4 -> 0 [label="  1.0", pos="e,144.31,1236.2 328.28,1160.7 310.09,1173.4 281.29,1192.2 254,1204 221.53,1218 182.38,1228 154.43,1234", lp="303.5,1194"];
	3 -> 7 [label="  1.0", pos="e,457.49,690.98 496.13,752.25 492.55,740.6 486.92,725.67 479,714 475.07,708.22 470.08,702.69 464.96,697.75", lp="501.5,724"];
	3 -> 2 [label="  1.0", pos="e,476.13,847.93 483.81,785.89 477.94,792.06 472.08,799.72 469,808 465.29,817.97 467.55,829.04 471.61,838.76", lp="481.5,818"];
	2 -> 6 [label="  1.0", pos="e,456.41,946.2 488.24,884.03 487.63,895.65 485.44,910.45 479,922 475.31,928.62 469.95,934.61 464.26,939.74", lp="497.5,912"];
	2 -> 3 [label="  1.0", pos="e,498.85,790.02 491.25,845.82 492.19,840.09 493.17,833.8 494,828 495.29,818.92 496.56,809 497.65,800.03", lp="508.5,818"];
	2 -> 1 [label=" 10.0", pos="e,160.8,783.28 460.8,863.86 415.26,861.28 321.18,853.13 246,828 230.73,822.9 195.45,803.29 169.77,788.48", lp="260,818"];
	1 -> 5 [label="  1.0", pos="e,368.06,1051.4 141.8,789.97 147.13,841.98 164.6,985 198,1016 220.74,1037.1 307.38,1046.8 357.87,1050.7", lp="174.5,912"];
	1 -> 2 [label=" 10.0", pos="e,461.46,860.57 165.73,777.08 192.93,783.75 236.92,795.21 274,808 295.85,815.53 299.97,821.01 322,828 365.74,841.87 417.56,852.54\
 451.52,858.78", lp="336,818"];
	1 -> 0 [label="  1.0", pos="e,98.872,1227.4 115.64,779.51 101.34,785.56 83.813,794.94 72,808 53.557,828.38 48,837.51 48,865 48,1147 48,1147 48,1147 48,1177 \
71.287,1203.7 90.999,1220.9", lp="60.5,1006"];
	0 -> 4 [label="  1.0", pos="e,320.49,1150.8 135.35,1226.4 151.42,1213.5 176.47,1195.1 201,1184 236.48,1167.9 280.1,1158 310.37,1152.6", lp="213.5,1194"];
	0 -> 1 [label="  1.0", pos="e,113.67,776.18 92.975,1233.5 58.337,1221.5 0,1194.1 0,1147 0,1147 0,1147 0,865 0,814.96 62.398,789.84 103.88,778.67", lp="12.5,1006"];
	1 -> 0 [color=blue, pos="e,116.08,1222 129.73,788.64 126.57,794.63 123.32,801.47 121,808 115.23,824.27 114.94,828.85 113,846 97.587,982.21 109.29,1146.5 \
115.16,1212"];
	1 -> 5 [color=blue, pos="e,374.15,1040.7 149.74,789 170.12,826.56 216.21,910.72 226,922 267.71,970.08 329.36,1012.5 365.53,1035.3"];
	5 -> 6 [color=blue, pos="e,416.53,972.24 392.15,1034 391.27,1022.5 391.67,1007.8 397,996 399.77,989.86 404.08,984.24 408.84,979.33"];
	6 -> 2 [color=blue, pos="e,503.79,881.08 462.24,954.12 480.19,949.27 502.7,939.86 514,922 520.45,911.8 516.43,899.74 509.8,889.34"];
	6 -> 10 [color=blue, pos="e,375.52,117.03 416.34,945.59 407.66,939.09 397.69,930.79 390,922 377,907.14 374.72,902.17 367,884 287.58,696.95 250,645.21 250,\
442 250,442 250,442 250,207 250,152.88 320.55,128.87 365.53,119.07"];
	10 -> 14 [color=blue, pos="e,462.7,377.78 403.83,132.14 407.66,169.04 417.82,252.32 437,320 441.91,337.32 442.94,341.91 451,358 452.84,361.67 454.96,365.42\
 457.16,369.07"];
	14 -> 13 [color=blue, pos="e,575.48,318.92 500.87,389.09 527.77,382.35 567.18,370.63 576,358 581.96,349.48 581.46,338.53 578.76,328.51"];
	14 -> 15 [color=blue, pos="e,474.88,474.65 485.72,412.5 491.31,423.93 496.04,439.07 491,452 488.9,457.39 485.61,462.46 481.89,467.03"];
	13 -> 12 [color=blue, pos="e,690.38,37.284 574.52,282.93 597.18,234.9 659,103.8 686.05,46.464"];
	10 -> 11 [color=blue, pos="e,391.42,563.58 401.47,132.2 401.31,137.93 401.14,144.22 401,150 397.2,301.62 393.18,483.13 391.65,553.3"];
	5 -> 9 [color=blue, pos="e,747.67,226 422.01,1051.3 501.98,1045.5 732,1023.2 732,959 732,959 732,959 732,724 732,519.43 744.44,468.54 748,264 748.16,254.9\
 748.07,244.97 747.9,236"];
	12 -> 8 [color=blue, pos="e,798.04,94.066 725.92,22.358 746.93,26.501 775.01,35.695 790,56 795.85,63.923 797.92,74.257 798.26,83.948"];
	6 -> 7 [color=blue, pos="e,464.34,684.04 462.96,955.82 484.41,951.78 513.35,942.63 529,922 554.39,888.53 536.77,869.95 539,828 541.73,776.55 554.89,749.96\
 518,714 505.72,702.03 488.86,693.41 473.86,687.52"];
	0 -> 4 [color=blue, pos="e,322.18,1155 143.73,1234.5 166.16,1228.2 199.21,1217.8 226,1204 239.6,1197 240.58,1191.3 254,1184 272.66,1173.8 294.73,1164.9 312.68\
,1158.4"];
	2 -> 3 [color=blue, pos="e,515.21,787.44 507.04,851.29 514.07,845.07 521.25,837.06 525,828 529.34,817.52 526.01,805.98 520.6,796.04"];
}
